Using pre-set license
Built from '2020.3/release' branch; Version is '2020.3.2f1 (8fd9074bf66c) revision 9427207'; Using compiler version '192528614'; Build Type 'Release'
OS: 'Windows 10 Pro; OS build 19042.1237; Version 2009; 64bit' Language: 'ko' Physical Memory: 15792 MB
BatchMode: 1, IsHumanControllingUs: 0, StartBugReporterOnCrash: 0, Is64bit: 1, IsPro: 0

 COMMAND LINE ARGUMENTS:
C:\Unity WorkSpace\2020.3.2f1\Editor\Unity.exe
-adb2
-batchMode
-noUpm
-name
AssetImportWorker0
-projectPath
C:/Users/natiz/OneDrive/문서/GitHub/FPS-Prototype/FPS Prototype
-logFile
Logs/AssetImportWorker0.log
-srvPort
8954
Successfully changed project path to: C:/Users/natiz/OneDrive/문서/GitHub/FPS-Prototype/FPS Prototype
C:/Users/natiz/OneDrive/문서/GitHub/FPS-Prototype/FPS Prototype
Using Asset Import Pipeline V2.
Refreshing native plugins compatible for Editor in 18.59 ms, found 0 plugins.
Preloading 0 native plugins for Editor in 0.00 ms.
Initialize engine version: 2020.3.2f1 (8fd9074bf66c)
[Subsystems] Discovering subsystems at path C:/Unity WorkSpace/2020.3.2f1/Editor/Data/Resources/UnitySubsystems
[Subsystems] Discovering subsystems at path C:/Users/natiz/OneDrive/문서/GitHub/FPS-Prototype/FPS Prototype/Assets
GfxDevice: creating device client; threaded=0
Direct3D:
    Version:  Direct3D 11.0 [level 11.1]
    Renderer: NVIDIA GeForce RTX 3060 Laptop GPU (ID=0x2520)
    Vendor:   
    VRAM:     6023 MB
    Driver:   30.0.14.7196
Initialize mono
Mono path[0] = 'C:/Unity WorkSpace/2020.3.2f1/Editor/Data/Managed'
Mono path[1] = 'C:/Unity WorkSpace/2020.3.2f1/Editor/Data/MonoBleedingEdge/lib/mono/unityjit'
Mono config path = 'C:/Unity WorkSpace/2020.3.2f1/Editor/Data/MonoBleedingEdge/etc'
Using monoOptions --debugger-agent=transport=dt_socket,embedding=1,server=y,suspend=n,address=127.0.0.1:56364
Begin MonoManager ReloadAssembly
Registering precompiled unity dll's ...
Register platform support module: C:/Unity WorkSpace/2020.3.2f1/Editor/Data/PlaybackEngines/WindowsStandaloneSupport/UnityEditor.WindowsStandalone.Extensions.dll
Registered in 0.001447 seconds.
Native extension for WindowsStandalone target not found
Refreshing native plugins compatible for Editor in 19.18 ms, found 0 plugins.
Preloading 0 native plugins for Editor in 0.00 ms.
Invoked RoslynAnalysisRunner static constructor.
RoslynAnalysisRunner will not be running.
RoslynAnalysisRunner has terminated.
Mono: successfully reloaded assembly
- Completed reload, in  0.810 seconds
Platform modules already initialized, skipping
Registering precompiled user dll's ...
Registered in 0.000652 seconds.
Begin MonoManager ReloadAssembly
Native extension for WindowsStandalone target not found
Refreshing native plugins compatible for Editor in 0.24 ms, found 0 plugins.
Preloading 0 native plugins for Editor in 0.00 ms.
Invoked RoslynAnalysisRunner static constructor.
RoslynAnalysisRunner will not be running.
RoslynAnalysisRunner has terminated.
Mono: successfully reloaded assembly
- Completed reload, in  0.582 seconds
Platform modules already initialized, skipping
========================================================================
Worker process is ready to serve import requests
Launched and connected shader compiler UnityShaderCompiler.exe after 0.04 seconds
Refreshing native plugins compatible for Editor in 0.23 ms, found 0 plugins.
Preloading 0 native plugins for Editor in 0.00 ms.
Unloading 1131 Unused Serialized files (Serialized files now loaded: 0)
System memory in use before: 60.1 MB.
System memory in use after: 60.2 MB.

Unloading 10 unused Assets to reduce memory usage. Loaded Objects now: 1573.
Total: 1.586400 ms (FindLiveObjects: 0.169700 ms CreateObjectMapping: 0.030800 ms MarkObjects: 1.318800 ms  DeleteObjects: 0.065200 ms)

========================================================================
Received Import Request.
  path: Assets/Script
  artifactKey: Guid(f78e2f156104928469d2e330d31ebde0) Importer(815301076,1909f56bfc062723c751e8b465ee728b)
Start importing Assets/Script using Guid(f78e2f156104928469d2e330d31ebde0) Importer(815301076,1909f56bfc062723c751e8b465ee728b)  -> (artifact id: '7b7fa9e0e6437b6b1a81b16350bb6845') in 0.007942 seconds
  Import took 0.009782 seconds .

========================================================================
Received Import Request.
  Time since last request: 2.302535 seconds.
  path: Assets/Script/Status.cs
  artifactKey: Guid(0fcea154b0003a74dbb009813288bc48) Importer(815301076,1909f56bfc062723c751e8b465ee728b)
Start importing Assets/Script/Status.cs using Guid(0fcea154b0003a74dbb009813288bc48) Importer(815301076,1909f56bfc062723c751e8b465ee728b)  -> (artifact id: '8fa26fa26f15e9b08b107064ccf99a15') in 0.036953 seconds
  Import took 0.038740 seconds .

========================================================================
Received Prepare
Registering precompiled user dll's ...
Registered in 0.000691 seconds.
Begin MonoManager ReloadAssembly
Native extension for WindowsStandalone target not found
Refreshing native plugins compatible for Editor in 0.26 ms, found 0 plugins.
Preloading 0 native plugins for Editor in 0.00 ms.
Invoked RoslynAnalysisRunner static constructor.
RoslynAnalysisRunner will not be running.
RoslynAnalysisRunner has terminated.
Mono: successfully reloaded assembly
- Completed reload, in  0.886 seconds
Platform modules already initialized, skipping
Refreshing native plugins compatible for Editor in 0.23 ms, found 0 plugins.
Preloading 0 native plugins for Editor in 0.00 ms.
Unloading 1127 Unused Serialized files (Serialized files now loaded: 0)
System memory in use before: 60.1 MB.
System memory in use after: 60.2 MB.

Unloading 5 unused Assets to reduce memory usage. Loaded Objects now: 1577.
Total: 4.677000 ms (FindLiveObjects: 0.327700 ms CreateObjectMapping: 0.103100 ms MarkObjects: 4.131000 ms  DeleteObjects: 0.113400 ms)

========================================================================
Received Import Request.
  Time since last request: 1643.583023 seconds.
  path: Assets/Script/Status.cs
  artifactKey: Guid(0fcea154b0003a74dbb009813288bc48) Importer(815301076,1909f56bfc062723c751e8b465ee728b)
Start importing Assets/Script/Status.cs using Guid(0fcea154b0003a74dbb009813288bc48) Importer(815301076,1909f56bfc062723c751e8b465ee728b)  -> (artifact id: '487c8b2fd07c52e6054717282c0f4b4e') in 0.006260 seconds
  Import took 0.009861 seconds .

AssetImportWorkerClient::OnTransportError - code=2 error=End of file
