Using pre-set license
Built from '2020.3/release' branch; Version is '2020.3.2f1 (8fd9074bf66c) revision 9427207'; Using compiler version '192528614'; Build Type 'Release'
OS: 'Windows 10 Pro; OS build 19042.1237; Version 2009; 64bit' Language: 'ko' Physical Memory: 15792 MB
BatchMode: 1, IsHumanControllingUs: 0, StartBugReporterOnCrash: 0, Is64bit: 1, IsPro: 0

 COMMAND LINE ARGUMENTS:
C:\Unity WorkSpace\2020.3.2f1\Editor\Unity.exe
-adb2
-batchMode
-noUpm
-name
AssetImportWorker0
-projectPath
C:/Users/natiz/OneDrive/문서/GitHub/FPS Prototype/FPS-Prototype/FPS Prototype
-logFile
Logs/AssetImportWorker0.log
-srvPort
3987
Successfully changed project path to: C:/Users/natiz/OneDrive/문서/GitHub/FPS Prototype/FPS-Prototype/FPS Prototype
C:/Users/natiz/OneDrive/문서/GitHub/FPS Prototype/FPS-Prototype/FPS Prototype
Using Asset Import Pipeline V2.
Refreshing native plugins compatible for Editor in 17.54 ms, found 0 plugins.
Preloading 0 native plugins for Editor in 0.00 ms.
Initialize engine version: 2020.3.2f1 (8fd9074bf66c)
[Subsystems] Discovering subsystems at path C:/Unity WorkSpace/2020.3.2f1/Editor/Data/Resources/UnitySubsystems
[Subsystems] Discovering subsystems at path C:/Users/natiz/OneDrive/문서/GitHub/FPS Prototype/FPS-Prototype/FPS Prototype/Assets
GfxDevice: creating device client; threaded=0
Direct3D:
    Version:  Direct3D 11.0 [level 11.1]
    Renderer: NVIDIA GeForce RTX 3060 Laptop GPU (ID=0x2520)
    Vendor:   
    VRAM:     6023 MB
    Driver:   30.0.14.7196
Initialize mono
Mono path[0] = 'C:/Unity WorkSpace/2020.3.2f1/Editor/Data/Managed'
Mono path[1] = 'C:/Unity WorkSpace/2020.3.2f1/Editor/Data/MonoBleedingEdge/lib/mono/unityjit'
Mono config path = 'C:/Unity WorkSpace/2020.3.2f1/Editor/Data/MonoBleedingEdge/etc'
Using monoOptions --debugger-agent=transport=dt_socket,embedding=1,server=y,suspend=n,address=127.0.0.1:56060
Begin MonoManager ReloadAssembly
Registering precompiled unity dll's ...
Register platform support module: C:/Unity WorkSpace/2020.3.2f1/Editor/Data/PlaybackEngines/WindowsStandaloneSupport/UnityEditor.WindowsStandalone.Extensions.dll
Registered in 0.001326 seconds.
Native extension for WindowsStandalone target not found
Refreshing native plugins compatible for Editor in 17.51 ms, found 0 plugins.
Preloading 0 native plugins for Editor in 0.00 ms.
Invoked RoslynAnalysisRunner static constructor.
RoslynAnalysisRunner will not be running.
RoslynAnalysisRunner has terminated.
Mono: successfully reloaded assembly
- Completed reload, in  0.726 seconds
Platform modules already initialized, skipping
Registering precompiled user dll's ...
Registered in 0.000456 seconds.
Begin MonoManager ReloadAssembly
Native extension for WindowsStandalone target not found
Refreshing native plugins compatible for Editor in 0.22 ms, found 0 plugins.
Preloading 0 native plugins for Editor in 0.00 ms.
Invoked RoslynAnalysisRunner static constructor.
RoslynAnalysisRunner will not be running.
RoslynAnalysisRunner has terminated.
Mono: successfully reloaded assembly
- Completed reload, in  0.563 seconds
Platform modules already initialized, skipping
========================================================================
Worker process is ready to serve import requests
Launched and connected shader compiler UnityShaderCompiler.exe after 0.04 seconds
Refreshing native plugins compatible for Editor in 0.21 ms, found 0 plugins.
Preloading 0 native plugins for Editor in 0.00 ms.
Unloading 1115 Unused Serialized files (Serialized files now loaded: 0)
System memory in use before: 60.0 MB.
System memory in use after: 60.1 MB.

Unloading 10 unused Assets to reduce memory usage. Loaded Objects now: 1557.
Total: 1.723500 ms (FindLiveObjects: 0.181700 ms CreateObjectMapping: 0.038700 ms MarkObjects: 1.437000 ms  DeleteObjects: 0.065000 ms)

========================================================================
Received Import Request.
  path: Assets
  artifactKey: Guid(00000000000000001000000000000000) Importer(815301076,1909f56bfc062723c751e8b465ee728b)
Start importing Assets using Guid(00000000000000001000000000000000) Importer(815301076,1909f56bfc062723c751e8b465ee728b)  -> (artifact id: '819a33a9bd799f71faca6db75e8a216c') in 0.008484 seconds
  Import took 0.010385 seconds .

========================================================================
Received Prepare
Registering precompiled user dll's ...
Registered in 0.000584 seconds.
Begin MonoManager ReloadAssembly
Native extension for WindowsStandalone target not found
Refreshing native plugins compatible for Editor in 0.22 ms, found 0 plugins.
Preloading 0 native plugins for Editor in 0.00 ms.
Invoked RoslynAnalysisRunner static constructor.
RoslynAnalysisRunner will not be running.
RoslynAnalysisRunner has terminated.
Mono: successfully reloaded assembly
- Completed reload, in  0.592 seconds
Platform modules already initialized, skipping
Refreshing native plugins compatible for Editor in 0.21 ms, found 0 plugins.
Preloading 0 native plugins for Editor in 0.00 ms.
Unloading 1122 Unused Serialized files (Serialized files now loaded: 0)
System memory in use before: 60.3 MB.
System memory in use after: 60.4 MB.

Unloading 5 unused Assets to reduce memory usage. Loaded Objects now: 1572.
Total: 1.586300 ms (FindLiveObjects: 0.147800 ms CreateObjectMapping: 0.038300 ms MarkObjects: 1.354200 ms  DeleteObjects: 0.045300 ms)

========================================================================
Received Import Request.
  Time since last request: 369.194429 seconds.
  path: Assets/Ext
  artifactKey: Guid(c3d227482e461da42a58127f3a04cd89) Importer(815301076,1909f56bfc062723c751e8b465ee728b)
Start importing Assets/Ext using Guid(c3d227482e461da42a58127f3a04cd89) Importer(815301076,1909f56bfc062723c751e8b465ee728b)  -> (artifact id: 'ca80a5993380c11cdee49066e379cb90') in 0.013629 seconds
  Import took 0.017476 seconds .

========================================================================
Received Import Request.
  Time since last request: 10.702880 seconds.
  path: Assets/ExternelAssets
  artifactKey: Guid(c3d227482e461da42a58127f3a04cd89) Importer(815301076,1909f56bfc062723c751e8b465ee728b)
Start importing Assets/ExternelAssets using Guid(c3d227482e461da42a58127f3a04cd89) Importer(815301076,1909f56bfc062723c751e8b465ee728b)  -> (artifact id: 'c0cb45f4ca49276ffa6475d6f7541547') in 0.013418 seconds
  Import took 0.016944 seconds .

========================================================================
Received Import Request.
  Time since last request: 4.696099 seconds.
  path: Assets/FPS Icons Pack
  artifactKey: Guid(b18c31450aee05346b7fc495cd35445b) Importer(815301076,1909f56bfc062723c751e8b465ee728b)
Start importing Assets/FPS Icons Pack using Guid(b18c31450aee05346b7fc495cd35445b) Importer(815301076,1909f56bfc062723c751e8b465ee728b)  -> (artifact id: 'bab8a5bd411b3d186f10748df786c631') in 0.007655 seconds
  Import took 0.009813 seconds .

========================================================================
Received Prepare
Registering precompiled user dll's ...
Registered in 0.000543 seconds.
Begin MonoManager ReloadAssembly
Native extension for WindowsStandalone target not found
Refreshing native plugins compatible for Editor in 0.45 ms, found 0 plugins.
Preloading 0 native plugins for Editor in 0.00 ms.
Invoked RoslynAnalysisRunner static constructor.
RoslynAnalysisRunner will not be running.
RoslynAnalysisRunner has terminated.
Mono: successfully reloaded assembly
- Completed reload, in  0.773 seconds
Platform modules already initialized, skipping
Refreshing native plugins compatible for Editor in 0.19 ms, found 0 plugins.
Preloading 0 native plugins for Editor in 0.00 ms.
Unloading 1122 Unused Serialized files (Serialized files now loaded: 0)
System memory in use before: 60.3 MB.
System memory in use after: 60.4 MB.

Unloading 5 unused Assets to reduce memory usage. Loaded Objects now: 1575.
Total: 1.673600 ms (FindLiveObjects: 0.147400 ms CreateObjectMapping: 0.025300 ms MarkObjects: 1.446700 ms  DeleteObjects: 0.053300 ms)

========================================================================
Received Import Request.
  Time since last request: 14.232169 seconds.
  path: Assets/Metarial
  artifactKey: Guid(b037b97fc443f004093d2eb5c8c8f1b4) Importer(815301076,1909f56bfc062723c751e8b465ee728b)
Start importing Assets/Metarial using Guid(b037b97fc443f004093d2eb5c8c8f1b4) Importer(815301076,1909f56bfc062723c751e8b465ee728b)  -> (artifact id: 'e8e0c1992601c46fe9e9ad768a08ea9b') in 0.014445 seconds
  Import took 0.017467 seconds .

========================================================================
Received Import Request.
  Time since last request: 0.000460 seconds.
  path: Assets/Metarial
  artifactKey: Guid(b037b97fc443f004093d2eb5c8c8f1b4) Importer(815301076,1909f56bfc062723c751e8b465ee728b)
Start importing Assets/Metarial using Guid(b037b97fc443f004093d2eb5c8c8f1b4) Importer(815301076,1909f56bfc062723c751e8b465ee728b)  -> (artifact id: 'e8e0c1992601c46fe9e9ad768a08ea9b') in 0.003178 seconds
  Import took 0.006120 seconds .

========================================================================
Received Import Request.
  Time since last request: 2.476539 seconds.
  path: Assets/Metarials
  artifactKey: Guid(b037b97fc443f004093d2eb5c8c8f1b4) Importer(815301076,1909f56bfc062723c751e8b465ee728b)
Start importing Assets/Metarials using Guid(b037b97fc443f004093d2eb5c8c8f1b4) Importer(815301076,1909f56bfc062723c751e8b465ee728b)  -> (artifact id: 'e25e8bb53964ae091d8d73d55bee3a93') in 0.009239 seconds
  Import took 0.012152 seconds .

========================================================================
Received Import Request.
  Time since last request: 11.163499 seconds.
  path: Assets/Metarials/New Material.mat
  artifactKey: Guid(6cd92f49bf5e2934590c8cfc06b5ebfe) Importer(815301076,1909f56bfc062723c751e8b465ee728b)
Start importing Assets/Metarials/New Material.mat using Guid(6cd92f49bf5e2934590c8cfc06b5ebfe) Importer(815301076,1909f56bfc062723c751e8b465ee728b)  -> (artifact id: 'ffa690d56e4f90d3443f603edcd21cf3') in 0.090688 seconds
  Import took 0.092877 seconds .

========================================================================
Received Import Request.
  Time since last request: 39.230378 seconds.
  path: Assets/ExternelAssets/Low Poly FPS Pack - Free (Sample)/Components/Textures_&_Sprites/Low Poly FPS Pack Texture.png
  artifactKey: Guid(d95c2d78760056742b2649f04974b45f) Importer(815301076,1909f56bfc062723c751e8b465ee728b)
Start importing Assets/ExternelAssets/Low Poly FPS Pack - Free (Sample)/Components/Textures_&_Sprites/Low Poly FPS Pack Texture.png using Guid(d95c2d78760056742b2649f04974b45f) Importer(815301076,1909f56bfc062723c751e8b465ee728b)  -> (artifact id: 'ba60a097b4b0f15bef2f1ea1a6bed8f0') in 0.049468 seconds
  Import took 0.051419 seconds .

========================================================================
Received Import Request.
  Time since last request: 21.965044 seconds.
  path: Assets/ExternelAssets/Low Poly FPS Pack - Free (Sample)/Components/Demo_Scene_Components/Textures_&_Sprites/Prototype_Textures/Prototype_Texture 1.png
  artifactKey: Guid(899846f6cffb7a9418ac07391fb6ab11) Importer(815301076,1909f56bfc062723c751e8b465ee728b)
Start importing Assets/ExternelAssets/Low Poly FPS Pack - Free (Sample)/Components/Demo_Scene_Components/Textures_&_Sprites/Prototype_Textures/Prototype_Texture 1.png using Guid(899846f6cffb7a9418ac07391fb6ab11) Importer(815301076,1909f56bfc062723c751e8b465ee728b)  -> (artifact id: 'bda2c0c8e8522e7745fe64bcce01bb4e') in 0.010635 seconds
  Import took 0.012796 seconds .

========================================================================
Received Import Request.
  Time since last request: 511.462215 seconds.
  path: Assets/Metarials/Wall.mat
  artifactKey: Guid(08948a42c1f02824fab8980ecf4092a2) Importer(815301076,1909f56bfc062723c751e8b465ee728b)
Start importing Assets/Metarials/Wall.mat using Guid(08948a42c1f02824fab8980ecf4092a2) Importer(815301076,1909f56bfc062723c751e8b465ee728b)  -> (artifact id: 'c972a78dc014cfba3defda8fc299ff77') in 0.014723 seconds
  Import took 0.017646 seconds .

========================================================================
Received Import Request.
  Time since last request: 244.794985 seconds.
  path: Assets/Metarials/New Material.mat
  artifactKey: Guid(d42b372658e071f44bbd2c4822c86773) Importer(815301076,1909f56bfc062723c751e8b465ee728b)
Start importing Assets/Metarials/New Material.mat using Guid(d42b372658e071f44bbd2c4822c86773) Importer(815301076,1909f56bfc062723c751e8b465ee728b)  -> (artifact id: '052b9ed4e6e1719af46b5c21afa57403') in 0.006204 seconds
  Import took 0.008166 seconds .

========================================================================
Received Import Request.
  Time since last request: 141.669384 seconds.
  path: Assets/Metarials/Ground100x100.mat
  artifactKey: Guid(6cd92f49bf5e2934590c8cfc06b5ebfe) Importer(815301076,1909f56bfc062723c751e8b465ee728b)
Start importing Assets/Metarials/Ground100x100.mat using Guid(6cd92f49bf5e2934590c8cfc06b5ebfe) Importer(815301076,1909f56bfc062723c751e8b465ee728b)  -> (artifact id: 'ad3496583304eef42018f88f0be8ac63') in 0.011854 seconds
  Import took 0.014063 seconds .

========================================================================
Received Import Request.
  Time since last request: 0.000173 seconds.
  path: Assets/Metarials/Obstacle2x2.mat
  artifactKey: Guid(d42b372658e071f44bbd2c4822c86773) Importer(815301076,1909f56bfc062723c751e8b465ee728b)
Start importing Assets/Metarials/Obstacle2x2.mat using Guid(d42b372658e071f44bbd2c4822c86773) Importer(815301076,1909f56bfc062723c751e8b465ee728b)  -> (artifact id: '8734f369e253255a8541f63141459569') in 0.011425 seconds
  Import took 0.013284 seconds .

========================================================================
Received Import Request.
  Time since last request: 0.000153 seconds.
  path: Assets/Metarials/Wall100x50.mat
  artifactKey: Guid(08948a42c1f02824fab8980ecf4092a2) Importer(815301076,1909f56bfc062723c751e8b465ee728b)
Start importing Assets/Metarials/Wall100x50.mat using Guid(08948a42c1f02824fab8980ecf4092a2) Importer(815301076,1909f56bfc062723c751e8b465ee728b)  -> (artifact id: '0e5a7545b124d6cd86535c149fbd43b4') in 0.010785 seconds
  Import took 0.012689 seconds .

AssetImportWorkerClient::OnTransportError - code=2 error=End of file
